2025-11-21 01:29:50,035 - INFO - logger - Path for logging: gas_part_plant1_loggings\Aurora.log
2025-11-21 01:29:50,036 - INFO - logger - Used TESPy version: 0.1.1 - GCC's Nature
2025-11-21 01:29:50,038 - DEBUG - network - Default unit specifications:
mass flow: kg / s
volumetric flow: m3 / s
pressure: Pa
enthalpy: J / kg
temperature: K
temperature difference above boiling point: K
temperature difference under boiling point: K
specific volume: m3 / kg
vapor mass fraction: -
entropy: J / kgK
2025-11-21 01:29:50,038 - DEBUG - network - Default mass flow limits
min: 0.001 kg / s
max: 1000000000000.0 kg / s
2025-11-21 01:29:50,038 - DEBUG - network - Default pressure limits
min: 200000.0 Pa
max: 30000000.0 Pa
2025-11-21 01:29:50,050 - DEBUG - network - Default enthalpy limits
min: 1000.0 J / kg
max: 7000000.0 J / kg
2025-11-21 01:29:50,051 - DEBUG - network - Setting mass flow unit: kg / s.
2025-11-21 01:29:50,051 - DEBUG - network - Setting pressure unit: bar.
2025-11-21 01:29:50,051 - DEBUG - network - Setting enthalpy unit: kJ / kg.
2025-11-21 01:29:50,051 - DEBUG - network - Setting temperature unit: C.
2025-11-21 01:29:50,053 - DEBUG - connection - Created connection from fuel_source (out1) to fuel_splitter (in1).
2025-11-21 01:29:50,054 - DEBUG - connection - Created connection from fuel_splitter (out1) to fuel_compressor (in1).
2025-11-21 01:29:50,056 - DEBUG - connection - Created connection from fuel_compressor (out1) to fuel_combustion (in2).
2025-11-21 01:29:50,057 - DEBUG - connection - Created connection from air_source (out1) to air_compressor (in1).
2025-11-21 01:29:50,057 - DEBUG - connection - Created connection from air_compressor (out1) to fuel_combustion (in1).
2025-11-21 01:29:50,058 - DEBUG - connection - Created connection from fuel_combustion (out1) to gas_turbine (in1).
2025-11-21 01:29:50,059 - DEBUG - connection - Created connection from gas_turbine (out1) to gas_re_combustion (in1).
2025-11-21 01:29:50,059 - DEBUG - connection - Created connection from fuel_splitter (out2) to fuel_add_valve (in1).
2025-11-21 01:29:50,060 - DEBUG - connection - Created connection from fuel_add_valve (out1) to gas_re_combustion (in2).
2025-11-21 01:29:50,060 - DEBUG - connection - Created connection from gas_re_combustion (out1) to gas_sink (in1).
2025-11-21 01:29:50,061 - DEBUG - network - Added connection fuel_source_splitter to network.
2025-11-21 01:29:50,062 - DEBUG - network - Added connection fuel1_splitter_compressor to network.
2025-11-21 01:29:50,062 - DEBUG - network - Added connection fuel1_compressor_combustion to network.
2025-11-21 01:29:50,063 - DEBUG - network - Added connection fuel1_air_source_compressor to network.
2025-11-21 01:29:50,064 - DEBUG - network - Added connection fuel1_air_compressor_combustion to network.
2025-11-21 01:29:50,064 - DEBUG - network - Added connection gas_turbine_in to network.
2025-11-21 01:29:50,064 - DEBUG - network - Added connection gas_turbine_out to network.
2025-11-21 01:29:50,065 - DEBUG - network - Added connection fuel2_splitter_valve to network.
2025-11-21 01:29:50,066 - DEBUG - network - Added connection fuel2_valve_combustion to network.
2025-11-21 01:29:50,067 - DEBUG - network - Added connection gas_out to network.
2025-11-21 01:29:50,082 - INFO - network - ########----Network check successful----########
2025-11-21 01:29:50,082 - DEBUG - network - Solver properties:
 - mode: design
 - init_path: None
 - design_path: None
 - min_iter: 4
 - max_iter: 50
2025-11-21 01:29:50,082 - DEBUG - network - Network information:
 - Number of components: 10
 - Number of connections: 10
 - Number of busses: 0
2025-11-21 01:29:50,090 - DEBUG - network - Removing 1 mass flow variables from ['fuel1_air_source_compressor', 'fuel1_air_compressor_combustion'] from system variables.
2025-11-21 01:29:50,090 - DEBUG - network - Removing 1 mass flow variables from ['fuel1_splitter_compressor', 'fuel1_compressor_combustion'] from system variables.
2025-11-21 01:29:50,090 - DEBUG - network - Removing 1 mass flow variables from ['fuel2_splitter_valve', 'fuel2_valve_combustion'] from system variables.
2025-11-21 01:29:50,091 - DEBUG - network - Updated fluid property SI values and fluid mass fraction for user specified connection parameters.
2025-11-21 01:29:50,092 - DEBUG - network - Generic fluid property specification complete in the final of initialization.
2025-11-21 01:29:50,093 - DEBUG - base - The fuels for component fuel_combustion of type diabatic combustion chamber are: H2, CH4.
2025-11-21 01:29:50,094 - DEBUG - base - The fuels for component gas_re_combustion of type diabatic combustion chamber are: H2, CH4.
2025-11-21 01:29:50,095 - INFO - network - ########-----Initializing variables bounds-----########
2025-11-21 01:29:50,095 - DEBUG - connection - The connection: fuel1_air_compressor_combustion has 0 equations.
2025-11-21 01:29:50,095 - DEBUG - connection - The connection: fuel1_air_source_compressor has 0 equations.
2025-11-21 01:29:50,095 - DEBUG - connection - The connection: fuel1_compressor_combustion has 0 equations.
2025-11-21 01:29:50,095 - DEBUG - connection - The connection: fuel1_splitter_compressor has 0 equations.
2025-11-21 01:29:50,095 - DEBUG - connection - The connection: fuel2_splitter_valve has 0 equations.
2025-11-21 01:29:50,095 - DEBUG - connection - The connection: fuel2_valve_combustion has 0 equations.
2025-11-21 01:29:50,095 - DEBUG - connection - The connection: fuel_source_splitter has 0 equations.
2025-11-21 01:29:50,095 - DEBUG - connection - The connection: gas_out has 0 equations.
2025-11-21 01:29:50,095 - DEBUG - connection - The connection: gas_turbine_in has 0 equations.
2025-11-21 01:29:50,095 - DEBUG - connection - The connection: gas_turbine_out has 0 equations.
2025-11-21 01:29:50,096 - DEBUG - characteristics - Created characteristic line function.
2025-11-21 01:29:50,096 - DEBUG - characteristics - Created characteristic map function.
2025-11-21 01:29:50,096 - DEBUG - characteristics - Created characteristic map function.
2025-11-21 01:29:50,096 - DEBUG - component - The component: air_compressor of type Compressor has 1 equations.
2025-11-21 01:29:50,096 - DEBUG - component - The component: air_source of type Source has 0 equations.
2025-11-21 01:29:50,096 - DEBUG - characteristics - Created characteristic line function.
2025-11-21 01:29:50,096 - DEBUG - component - The component: fuel_add_valve of type Valve has 0 equations.
2025-11-21 01:29:50,096 - DEBUG - component - The component: fuel_combustion of type DiabaticCombustionChamber has 2 equations.
2025-11-21 01:29:50,097 - DEBUG - characteristics - Created characteristic line function.
2025-11-21 01:29:50,097 - DEBUG - characteristics - Created characteristic map function.
2025-11-21 01:29:50,097 - DEBUG - characteristics - Created characteristic map function.
2025-11-21 01:29:50,097 - DEBUG - component - The component: fuel_compressor of type Compressor has 1 equations.
2025-11-21 01:29:50,097 - DEBUG - component - The component: fuel_source of type Source has 0 equations.
2025-11-21 01:29:50,097 - DEBUG - component - The component: fuel_splitter of type Splitter has 1 equations.
2025-11-21 01:29:50,097 - DEBUG - component - The component: gas_re_combustion of type DiabaticCombustionChamber has 2 equations.
2025-11-21 01:29:50,097 - DEBUG - component - The component: gas_sink of type Sink has 0 equations.
2025-11-21 01:29:50,098 - DEBUG - characteristics - Created characteristic line function.
2025-11-21 01:29:50,098 - DEBUG - component - The component: gas_turbine of type Turbine has 1 equations.
2025-11-21 01:29:50,098 - DEBUG - network - ------presolve_batch: 1------
2025-11-21 01:29:50,100 - DEBUG - network - Has pre_solved equation: <component parameter>: eta_s of Compressor: air_compressor
2025-11-21 01:29:50,101 - DEBUG - network - Has pre_solved equation: <component parameter>: eta_s of Compressor: fuel_compressor
2025-11-21 01:29:50,102 - DEBUG - network - ------presolve_batch: 2------
2025-11-21 01:29:50,102 - DEBUG - network - Has pre_solved equation: <component constraint>: mass_flow_constraints of DiabaticCombustionChamber: fuel_combustion
2025-11-21 01:29:50,102 - DEBUG - network - Has pre_solved equation: <component constraint>: mass_flow_constraints of Splitter: fuel_splitter
2025-11-21 01:29:50,102 - DEBUG - network - ------presolve_batch: 3------
2025-11-21 01:29:50,102 - DEBUG - network - Has pre_solved equation: <component constraint>: mass_flow_constraints of DiabaticCombustionChamber: gas_re_combustion
2025-11-21 01:29:50,102 - DEBUG - network - ------presolve_batch: 4------
2025-11-21 01:29:50,102 - DEBUG - network - Has removed 5 pre_solved equations totally.
2025-11-21 01:29:50,102 - DEBUG - component - The component: air_compressor of type Compressor has 0 variables.
2025-11-21 01:29:50,102 - DEBUG - component - The component: air_source of type Source has 0 variables.
2025-11-21 01:29:50,102 - DEBUG - component - The component: fuel_add_valve of type Valve has 0 variables.
2025-11-21 01:29:50,102 - DEBUG - component - The component: fuel_combustion of type DiabaticCombustionChamber has 0 variables.
2025-11-21 01:29:50,102 - DEBUG - component - The component: fuel_compressor of type Compressor has 0 variables.
2025-11-21 01:29:50,102 - DEBUG - component - The component: fuel_source of type Source has 0 variables.
2025-11-21 01:29:50,102 - DEBUG - component - The component: fuel_splitter of type Splitter has 0 variables.
2025-11-21 01:29:50,102 - DEBUG - component - The component: gas_re_combustion of type DiabaticCombustionChamber has 0 variables.
2025-11-21 01:29:50,102 - DEBUG - component - The component: gas_sink of type Sink has 0 variables.
2025-11-21 01:29:50,102 - DEBUG - component - The component: gas_turbine of type Turbine has 0 variables.
2025-11-21 01:29:50,115 - INFO - network - ########----Network initialised----########
2025-11-21 01:29:50,115 - DEBUG - network - ------Equation Summarization------
2025-11-21 01:29:50,115 - DEBUG - network - Total number of equations: 3
2025-11-21 01:29:50,115 - DEBUG - network - Number of connection equations: 0.
2025-11-21 01:29:50,115 - DEBUG - network - Number of component equations: 8.
2025-11-21 01:29:50,115 - DEBUG - network - Number of bus equations: 0.
2025-11-21 01:29:50,115 - DEBUG - network - Number of user defined equations: 0.
2025-11-21 01:29:50,115 - DEBUG - network - Number of presolved equations: 5.
2025-11-21 01:29:50,115 - DEBUG - network - ------Variable Summarization------
2025-11-21 01:29:50,115 - DEBUG - network - Total number of variables: 3.
2025-11-21 01:29:50,115 - DEBUG - network - Number of component variables: 0.
2025-11-21 01:29:50,115 - DEBUG - network - Number of connection variables: 3.
2025-11-21 01:29:50,115 - DEBUG - network - Number of mass flow variables: 0.
2025-11-21 01:29:50,115 - DEBUG - network - Number of pressure variables: 0.
2025-11-21 01:29:50,115 - DEBUG - network - Number of enthalpy variables: 3.
2025-11-21 01:29:50,115 - DEBUG - network - ------Fluid Module Summarization------
2025-11-21 01:29:50,115 - DEBUG - network - Number of fluid composition equations: 14.
2025-11-21 01:29:50,115 - DEBUG - network - Number of fluid variables: 14.
2025-11-21 01:29:50,115 - DEBUG - network - the variables list is:
 [
  0: <enthalpy objective> in connection: gas_out,
  1: <enthalpy objective> in connection: gas_turbine_in,
  2: <enthalpy objective> in connection: gas_turbine_out
]
the variables scale is:
 [100000. 100000. 100000.]
the equations list is:
 [
  0: <component parameter>: eta of DiabaticCombustionChamber: fuel_combustion
  1: <component parameter>: eta of DiabaticCombustionChamber: gas_re_combustion
  2: <component parameter>: eta_s of Turbine: gas_turbine
]
the residual scale:
 [100000. 100000. 100000.]
the fluid variables list is:
 [
  0: <fluid objective> in connection: gas_out:CO2 fraction
  1: <fluid objective> in connection: gas_out:CH4 fraction
  2: <fluid objective> in connection: gas_out:O2 fraction
  3: <fluid objective> in connection: gas_out:N2 fraction
  4: <fluid objective> in connection: gas_out:H2 fraction
  5: <fluid objective> in connection: gas_out:Ar fraction
  6: <fluid objective> in connection: gas_out:H2O fraction
  7: <fluid objective> in connection: gas_turbine_in:CO2 fraction
  8: <fluid objective> in connection: gas_turbine_in:CH4 fraction
  9: <fluid objective> in connection: gas_turbine_in:O2 fraction
  10: <fluid objective> in connection: gas_turbine_in:N2 fraction
  11: <fluid objective> in connection: gas_turbine_in:H2 fraction
  12: <fluid objective> in connection: gas_turbine_in:Ar fraction
  13: <fluid objective> in connection: gas_turbine_in:H2O fraction
]
the fluid equations list is:
 [
  0: fluid composition equation: stoichiometry_constraints of DiabaticCombustionChamber: fuel_combustion----CO2
  1: fluid composition equation: stoichiometry_constraints of DiabaticCombustionChamber: fuel_combustion----CH4
  2: fluid composition equation: stoichiometry_constraints of DiabaticCombustionChamber: fuel_combustion----O2
  3: fluid composition equation: stoichiometry_constraints of DiabaticCombustionChamber: fuel_combustion----N2
  4: fluid composition equation: stoichiometry_constraints of DiabaticCombustionChamber: fuel_combustion----H2
  5: fluid composition equation: stoichiometry_constraints of DiabaticCombustionChamber: fuel_combustion----Ar
  6: fluid composition equation: stoichiometry_constraints of DiabaticCombustionChamber: fuel_combustion----H2O
  7: fluid composition equation: stoichiometry_constraints of DiabaticCombustionChamber: gas_re_combustion----CO2
  8: fluid composition equation: stoichiometry_constraints of DiabaticCombustionChamber: gas_re_combustion----CH4
  9: fluid composition equation: stoichiometry_constraints of DiabaticCombustionChamber: gas_re_combustion----O2
  10: fluid composition equation: stoichiometry_constraints of DiabaticCombustionChamber: gas_re_combustion----N2
  11: fluid composition equation: stoichiometry_constraints of DiabaticCombustionChamber: gas_re_combustion----H2
  12: fluid composition equation: stoichiometry_constraints of DiabaticCombustionChamber: gas_re_combustion----Ar
  13: fluid composition equation: stoichiometry_constraints of DiabaticCombustionChamber: gas_re_combustion----H2O
]
2025-11-21 01:29:50,116 - DEBUG - network - has no linear dependence in network topology
2025-11-21 01:29:50,116 - DEBUG - network - the range of variables are: [
  0: <enthalpy objective> in connection: gas_out------[0.01, 70.0],
  1: <enthalpy objective> in connection: gas_turbine_in------[0.01, 70.0],
  2: <enthalpy objective> in connection: gas_turbine_out------[0.01, 70.0]
]
2025-11-21 01:29:50,116 - INFO - network - Starting solver.
2025-11-21 01:29:50,116 - PROGRESS - network -  iter  | residual   | progress   | massflow   | pressure   | enthalpy   | fluid      | component  
2025-11-21 01:29:50,116 - PROGRESS - network - -------+------------+------------+------------+------------+------------+------------+------------
2025-11-21 01:29:50,132 - DEBUG - network - the fluid calculation done in 3th iteration
2025-11-21 01:29:50,145 - PROGRESS - network -  1     | 1.24e+02   | 43 %       | 0.00e+00   | 0.00e+00   | 1.46e+00   | 1.55e-01   | 0.00e+00   
2025-11-21 01:29:50,147 - DEBUG - network - the fluid calculation done in 0th iteration
2025-11-21 01:29:50,155 - PROGRESS - network -  2     | 3.19e-03   | 94 %       | 0.00e+00   | 0.00e+00   | 4.50e-03   | 1.55e-01   | 0.00e+00   
2025-11-21 01:29:50,156 - DEBUG - network - the fluid calculation done in 0th iteration
2025-11-21 01:29:50,165 - PROGRESS - network -  3     | 2.32e-13   | 100 %      | 0.00e+00   | 0.00e+00   | 1.50e-14   | 1.55e-01   | 0.00e+00   
2025-11-21 01:29:50,165 - DEBUG - network - has found the solution in 0th iteration
2025-11-21 01:29:50,165 - PROGRESS - network - -------+------------+------------+------------+------------+------------+------------+------------
2025-11-21 01:29:50,165 - DEBUG - network - Total iterations: 3, Calculation time: 0.05 s, Iterations per second: 61.45
2025-11-21 01:29:50,198 - INFO - network - Postprocessing complete.
2025-11-21 01:29:50,198 - INFO - network - Calculation complete.
2025-11-21 01:29:50,205 - RESULT - network - 
##### RESULTS (Compressor) #####
+-----------------+----------+----------+-----------+----------+--------+
|                 |        P |       pr |        dp |    eta_s |   igva |
|-----------------+----------+----------+-----------+----------+--------|
| air_compressor  | 3.21e+07 | 1.53e+01 | -1.40e+01 | 8.50e-01 |    nan |
| fuel_compressor | 4.02e+05 | 3.33e+00 | -1.05e+01 | 8.50e-01 |    nan |
+-----------------+----------+----------+-----------+----------+--------+
##### RESULTS (Valve) #####
+----------------+----------+----------+----------+
|                |       pr |       dp |     zeta |
|----------------+----------+----------+----------|
| fuel_add_valve | 8.89e-01 | 5.00e-01 | 1.44e+07 |
+----------------+----------+----------+----------+
##### RESULTS (DiabaticCombustionChamber) #####
+-------------------+----------+----------+----------+----------+----------+-----------+
|                   |     lamb |       ti |       pr |       dp |      eta |    Q_loss |
|-------------------+----------+----------+----------+----------+----------+-----------|
| fuel_combustion   | 3.38e+00 | 6.95e+07 | 1.00e+00 | 0.00e+00 | [94m9.90e-01[0m | -6.95e+05 |
| gas_re_combustion | 3.26e+01 | 5.06e+06 | 1.00e+00 | 0.00e+00 | [94m9.90e-01[0m | -5.06e+04 |
+-------------------+----------+----------+----------+----------+----------+-----------+
##### RESULTS (Turbine) #####
+-------------+-----------+----------+----------+----------+
|             |         P |       pr |       dp |    eta_s |
|-------------+-----------+----------+----------+----------|
| gas_turbine | -5.56e+07 | 7.33e-02 | 1.39e+01 | [94m8.80e-01[0m |
+-------------+-----------+----------+----------+----------+
##### RESULTS (Connection) #####
+---------------------------------+-----------+-----------+-----------+-----------+-----------+---------+
|                                 |         m |         p |         h |         T |         x |   phase |
|---------------------------------+-----------+-----------+-----------+-----------+-----------+---------|
| fuel1_air_compressor_combustion | 7.986e+01 | [94m1.500e+01[0m | [94m6.901e+02[0m | 4.046e+02 | 0.000e+00 |     nan |
| fuel1_air_source_compressor     | [94m7.986e+01[0m | [94m9.780e-01[0m | [94m2.885e+02[0m | 1.500e+01 | 0.000e+00 |     nan |
| fuel1_compressor_combustion     | [94m1.401e+00[0m | [94m1.500e+01[0m | [94m1.240e+03[0m | 1.247e+02 | 0.000e+00 |     nan |
| fuel1_splitter_compressor       | 1.401e+00 | 4.500e+00 | 9.529e+02 | 1.500e+01 | 0.000e+00 |     nan |
| fuel2_splitter_valve            | 1.020e-01 | 4.500e+00 | 9.529e+02 | 1.500e+01 | 0.000e+00 |     nan |
| fuel2_valve_combustion          | [94m1.020e-01[0m | [94m4.000e+00[0m | 9.529e+02 | 1.485e+01 | 0.000e+00 |     nan |
| fuel_source_splitter            | [94m1.503e+00[0m | [94m4.500e+00[0m | [94m9.529e+02[0m | 1.500e+01 | 0.000e+00 |     nan |
| gas_out                         | [94m8.136e+01[0m | [94m1.100e+00[0m | 1.020e+03 | 5.843e+02 | 0.000e+00 |     nan |
| gas_turbine_in                  | [94m8.126e+01[0m | [94m1.500e+01[0m | 1.636e+03 | 1.098e+03 | 0.000e+00 |     nan |
| gas_turbine_out                 | 8.126e+01 | [94m1.100e+00[0m | 9.522e+02 | 5.331e+02 | 0.000e+00 |     nan |
+---------------------------------+-----------+-----------+-----------+-----------+-----------+---------+
2025-11-21 01:36:20,918 - INFO - logger - Path for logging: gas_part_plant1_loggings\Aurora.log
2025-11-21 01:36:20,918 - INFO - logger - Used TESPy version: 0.1.1 - GCC's Nature
2025-11-21 01:36:20,920 - DEBUG - network - Default unit specifications:
mass flow: kg / s
volumetric flow: m3 / s
pressure: Pa
enthalpy: J / kg
temperature: K
temperature difference above boiling point: K
temperature difference under boiling point: K
specific volume: m3 / kg
vapor mass fraction: -
entropy: J / kgK
2025-11-21 01:36:20,920 - DEBUG - network - Default mass flow limits
min: 0.001 kg / s
max: 1000000000000.0 kg / s
2025-11-21 01:36:20,920 - DEBUG - network - Default pressure limits
min: 200000.0 Pa
max: 30000000.0 Pa
2025-11-21 01:36:20,920 - DEBUG - network - Default enthalpy limits
min: 1000.0 J / kg
max: 7000000.0 J / kg
2025-11-21 01:36:20,920 - DEBUG - network - Setting mass flow unit: kg / s.
2025-11-21 01:36:20,920 - DEBUG - network - Setting pressure unit: bar.
2025-11-21 01:36:20,920 - DEBUG - network - Setting enthalpy unit: kJ / kg.
2025-11-21 01:36:20,920 - DEBUG - network - Setting temperature unit: C.
2025-11-21 01:36:20,921 - DEBUG - connection - Created connection from fuel_source (out1) to fuel_splitter (in1).
2025-11-21 01:36:20,921 - DEBUG - connection - Created connection from fuel_splitter (out1) to fuel_compressor (in1).
2025-11-21 01:36:20,922 - DEBUG - connection - Created connection from fuel_compressor (out1) to fuel_combustion (in2).
2025-11-21 01:36:20,922 - DEBUG - connection - Created connection from air_source (out1) to air_compressor (in1).
2025-11-21 01:36:20,922 - DEBUG - connection - Created connection from air_compressor (out1) to fuel_combustion (in1).
2025-11-21 01:36:20,923 - DEBUG - connection - Created connection from fuel_combustion (out1) to gas_turbine (in1).
2025-11-21 01:36:20,923 - DEBUG - connection - Created connection from gas_turbine (out1) to gas_re_combustion (in1).
2025-11-21 01:36:20,923 - DEBUG - connection - Created connection from fuel_splitter (out2) to fuel_add_valve (in1).
2025-11-21 01:36:20,923 - DEBUG - connection - Created connection from fuel_add_valve (out1) to gas_re_combustion (in2).
2025-11-21 01:36:20,924 - DEBUG - connection - Created connection from gas_re_combustion (out1) to gas_sink (in1).
2025-11-21 01:36:20,924 - DEBUG - network - Added connection fuel_source_splitter to network.
2025-11-21 01:36:20,924 - DEBUG - network - Added connection fuel1_splitter_compressor to network.
2025-11-21 01:36:20,925 - DEBUG - network - Added connection fuel1_compressor_combustion to network.
2025-11-21 01:36:20,926 - DEBUG - network - Added connection fuel1_air_source_compressor to network.
2025-11-21 01:36:20,926 - DEBUG - network - Added connection fuel1_air_compressor_combustion to network.
2025-11-21 01:36:20,926 - DEBUG - network - Added connection gas_turbine_in to network.
2025-11-21 01:36:20,927 - DEBUG - network - Added connection gas_turbine_out to network.
2025-11-21 01:36:20,927 - DEBUG - network - Added connection fuel2_splitter_valve to network.
2025-11-21 01:36:20,927 - DEBUG - network - Added connection fuel2_valve_combustion to network.
2025-11-21 01:36:20,928 - DEBUG - network - Added connection gas_out to network.
2025-11-21 01:36:20,944 - INFO - network - ########----Network check successful----########
2025-11-21 01:36:20,944 - DEBUG - network - Solver properties:
 - mode: design
 - init_path: None
 - design_path: None
 - min_iter: 4
 - max_iter: 50
2025-11-21 01:36:20,944 - DEBUG - network - Network information:
 - Number of components: 10
 - Number of connections: 10
 - Number of busses: 0
2025-11-21 01:36:20,952 - DEBUG - network - Removing 1 mass flow variables from ['fuel1_air_source_compressor', 'fuel1_air_compressor_combustion'] from system variables.
2025-11-21 01:36:20,952 - DEBUG - network - Removing 1 mass flow variables from ['fuel1_splitter_compressor', 'fuel1_compressor_combustion'] from system variables.
2025-11-21 01:36:20,953 - DEBUG - network - Removing 1 mass flow variables from ['fuel2_splitter_valve', 'fuel2_valve_combustion'] from system variables.
2025-11-21 01:36:20,954 - DEBUG - network - Updated fluid property SI values and fluid mass fraction for user specified connection parameters.
2025-11-21 01:36:20,955 - DEBUG - network - Generic fluid property specification complete in the final of initialization.
2025-11-21 01:36:20,956 - DEBUG - base - The fuels for component fuel_combustion of type diabatic combustion chamber are: H2, CH4.
2025-11-21 01:36:20,957 - DEBUG - base - The fuels for component gas_re_combustion of type diabatic combustion chamber are: H2, CH4.
2025-11-21 01:36:20,958 - INFO - network - ########-----Initializing variables bounds-----########
2025-11-21 01:36:20,958 - DEBUG - connection - The connection: fuel1_air_compressor_combustion has 0 equations.
2025-11-21 01:36:20,958 - DEBUG - connection - The connection: fuel1_air_source_compressor has 0 equations.
2025-11-21 01:36:20,958 - DEBUG - connection - The connection: fuel1_compressor_combustion has 0 equations.
2025-11-21 01:36:20,958 - DEBUG - connection - The connection: fuel1_splitter_compressor has 0 equations.
2025-11-21 01:36:20,958 - DEBUG - connection - The connection: fuel2_splitter_valve has 0 equations.
2025-11-21 01:36:20,958 - DEBUG - connection - The connection: fuel2_valve_combustion has 0 equations.
2025-11-21 01:36:20,958 - DEBUG - connection - The connection: fuel_source_splitter has 0 equations.
2025-11-21 01:36:20,958 - DEBUG - connection - The connection: gas_out has 0 equations.
2025-11-21 01:36:20,958 - DEBUG - connection - The connection: gas_turbine_in has 0 equations.
2025-11-21 01:36:20,958 - DEBUG - connection - The connection: gas_turbine_out has 0 equations.
2025-11-21 01:36:20,959 - DEBUG - characteristics - Created characteristic line function.
2025-11-21 01:36:20,959 - DEBUG - characteristics - Created characteristic map function.
2025-11-21 01:36:20,959 - DEBUG - characteristics - Created characteristic map function.
2025-11-21 01:36:20,959 - DEBUG - component - The component: air_compressor of type Compressor has 1 equations.
2025-11-21 01:36:20,959 - DEBUG - component - The component: air_source of type Source has 0 equations.
2025-11-21 01:36:20,959 - DEBUG - characteristics - Created characteristic line function.
2025-11-21 01:36:20,959 - DEBUG - component - The component: fuel_add_valve of type Valve has 0 equations.
2025-11-21 01:36:20,959 - DEBUG - component - The component: fuel_combustion of type DiabaticCombustionChamber has 2 equations.
2025-11-21 01:36:20,960 - DEBUG - characteristics - Created characteristic line function.
2025-11-21 01:36:20,960 - DEBUG - characteristics - Created characteristic map function.
2025-11-21 01:36:20,960 - DEBUG - characteristics - Created characteristic map function.
2025-11-21 01:36:20,960 - DEBUG - component - The component: fuel_compressor of type Compressor has 1 equations.
2025-11-21 01:36:20,960 - DEBUG - component - The component: fuel_source of type Source has 0 equations.
2025-11-21 01:36:20,960 - DEBUG - component - The component: fuel_splitter of type Splitter has 1 equations.
2025-11-21 01:36:20,960 - DEBUG - component - The component: gas_re_combustion of type DiabaticCombustionChamber has 2 equations.
2025-11-21 01:36:20,960 - DEBUG - component - The component: gas_sink of type Sink has 0 equations.
2025-11-21 01:36:20,961 - DEBUG - characteristics - Created characteristic line function.
2025-11-21 01:36:20,961 - DEBUG - component - The component: gas_turbine of type Turbine has 1 equations.
2025-11-21 01:36:20,961 - DEBUG - network - ------presolve_batch: 1------
2025-11-21 01:36:20,963 - DEBUG - network - Has pre_solved equation: <component parameter>: eta_s of Compressor: air_compressor
2025-11-21 01:36:20,964 - DEBUG - network - Has pre_solved equation: <component parameter>: eta_s of Compressor: fuel_compressor
2025-11-21 01:36:20,964 - DEBUG - network - ------presolve_batch: 2------
2025-11-21 01:36:20,964 - DEBUG - network - Has pre_solved equation: <component constraint>: mass_flow_constraints of DiabaticCombustionChamber: fuel_combustion
2025-11-21 01:36:20,964 - DEBUG - network - Has pre_solved equation: <component constraint>: mass_flow_constraints of Splitter: fuel_splitter
2025-11-21 01:36:20,964 - DEBUG - network - ------presolve_batch: 3------
2025-11-21 01:36:20,964 - DEBUG - network - Has pre_solved equation: <component constraint>: mass_flow_constraints of DiabaticCombustionChamber: gas_re_combustion
2025-11-21 01:36:20,964 - DEBUG - network - ------presolve_batch: 4------
2025-11-21 01:36:20,964 - DEBUG - network - Has removed 5 pre_solved equations totally.
2025-11-21 01:36:20,964 - DEBUG - component - The component: air_compressor of type Compressor has 0 variables.
2025-11-21 01:36:20,964 - DEBUG - component - The component: air_source of type Source has 0 variables.
2025-11-21 01:36:20,964 - DEBUG - component - The component: fuel_add_valve of type Valve has 0 variables.
2025-11-21 01:36:20,965 - DEBUG - component - The component: fuel_combustion of type DiabaticCombustionChamber has 0 variables.
2025-11-21 01:36:20,965 - DEBUG - component - The component: fuel_compressor of type Compressor has 0 variables.
2025-11-21 01:36:20,965 - DEBUG - component - The component: fuel_source of type Source has 0 variables.
2025-11-21 01:36:20,965 - DEBUG - component - The component: fuel_splitter of type Splitter has 0 variables.
2025-11-21 01:36:20,965 - DEBUG - component - The component: gas_re_combustion of type DiabaticCombustionChamber has 0 variables.
2025-11-21 01:36:20,965 - DEBUG - component - The component: gas_sink of type Sink has 0 variables.
2025-11-21 01:36:20,965 - DEBUG - component - The component: gas_turbine of type Turbine has 0 variables.
2025-11-21 01:36:20,979 - INFO - network - ########----Network initialised----########
2025-11-21 01:36:20,979 - DEBUG - network - ------Equation Summarization------
2025-11-21 01:36:20,979 - DEBUG - network - Total number of equations: 3
2025-11-21 01:36:20,979 - DEBUG - network - Number of connection equations: 0.
2025-11-21 01:36:20,979 - DEBUG - network - Number of component equations: 8.
2025-11-21 01:36:20,979 - DEBUG - network - Number of bus equations: 0.
2025-11-21 01:36:20,979 - DEBUG - network - Number of user defined equations: 0.
2025-11-21 01:36:20,979 - DEBUG - network - Number of presolved equations: 5.
2025-11-21 01:36:20,979 - DEBUG - network - ------Variable Summarization------
2025-11-21 01:36:20,979 - DEBUG - network - Total number of variables: 3.
2025-11-21 01:36:20,979 - DEBUG - network - Number of component variables: 0.
2025-11-21 01:36:20,979 - DEBUG - network - Number of connection variables: 3.
2025-11-21 01:36:20,979 - DEBUG - network - Number of mass flow variables: 0.
2025-11-21 01:36:20,979 - DEBUG - network - Number of pressure variables: 0.
2025-11-21 01:36:20,979 - DEBUG - network - Number of enthalpy variables: 3.
2025-11-21 01:36:20,979 - DEBUG - network - ------Fluid Module Summarization------
2025-11-21 01:36:20,979 - DEBUG - network - Number of fluid composition equations: 14.
2025-11-21 01:36:20,979 - DEBUG - network - Number of fluid variables: 14.
2025-11-21 01:36:20,979 - DEBUG - network - the variables list is:
 [
  0: <enthalpy objective> in connection: gas_out,
  1: <enthalpy objective> in connection: gas_turbine_in,
  2: <enthalpy objective> in connection: gas_turbine_out
]
the variables scale is:
 [100000. 100000. 100000.]
the equations list is:
 [
  0: <component parameter>: eta of DiabaticCombustionChamber: fuel_combustion
  1: <component parameter>: eta of DiabaticCombustionChamber: gas_re_combustion
  2: <component parameter>: eta_s of Turbine: gas_turbine
]
the residual scale:
 [100000. 100000. 100000.]
the fluid variables list is:
 [
  0: <fluid objective> in connection: gas_out:H2O fraction
  1: <fluid objective> in connection: gas_out:CO2 fraction
  2: <fluid objective> in connection: gas_out:Ar fraction
  3: <fluid objective> in connection: gas_out:N2 fraction
  4: <fluid objective> in connection: gas_out:CH4 fraction
  5: <fluid objective> in connection: gas_out:O2 fraction
  6: <fluid objective> in connection: gas_out:H2 fraction
  7: <fluid objective> in connection: gas_turbine_in:H2O fraction
  8: <fluid objective> in connection: gas_turbine_in:CO2 fraction
  9: <fluid objective> in connection: gas_turbine_in:Ar fraction
  10: <fluid objective> in connection: gas_turbine_in:N2 fraction
  11: <fluid objective> in connection: gas_turbine_in:CH4 fraction
  12: <fluid objective> in connection: gas_turbine_in:O2 fraction
  13: <fluid objective> in connection: gas_turbine_in:H2 fraction
]
the fluid equations list is:
 [
  0: fluid composition equation: stoichiometry_constraints of DiabaticCombustionChamber: fuel_combustion----H2O
  1: fluid composition equation: stoichiometry_constraints of DiabaticCombustionChamber: fuel_combustion----CO2
  2: fluid composition equation: stoichiometry_constraints of DiabaticCombustionChamber: fuel_combustion----Ar
  3: fluid composition equation: stoichiometry_constraints of DiabaticCombustionChamber: fuel_combustion----N2
  4: fluid composition equation: stoichiometry_constraints of DiabaticCombustionChamber: fuel_combustion----CH4
  5: fluid composition equation: stoichiometry_constraints of DiabaticCombustionChamber: fuel_combustion----O2
  6: fluid composition equation: stoichiometry_constraints of DiabaticCombustionChamber: fuel_combustion----H2
  7: fluid composition equation: stoichiometry_constraints of DiabaticCombustionChamber: gas_re_combustion----H2O
  8: fluid composition equation: stoichiometry_constraints of DiabaticCombustionChamber: gas_re_combustion----CO2
  9: fluid composition equation: stoichiometry_constraints of DiabaticCombustionChamber: gas_re_combustion----Ar
  10: fluid composition equation: stoichiometry_constraints of DiabaticCombustionChamber: gas_re_combustion----N2
  11: fluid composition equation: stoichiometry_constraints of DiabaticCombustionChamber: gas_re_combustion----CH4
  12: fluid composition equation: stoichiometry_constraints of DiabaticCombustionChamber: gas_re_combustion----O2
  13: fluid composition equation: stoichiometry_constraints of DiabaticCombustionChamber: gas_re_combustion----H2
]
2025-11-21 01:36:21,020 - DEBUG - network - has no linear dependence in network topology
2025-11-21 01:36:21,021 - DEBUG - network - the range of variables are: [
  0: <enthalpy objective> in connection: gas_out------[0.01, 70.0],
  1: <enthalpy objective> in connection: gas_turbine_in------[0.01, 70.0],
  2: <enthalpy objective> in connection: gas_turbine_out------[0.01, 70.0]
]
2025-11-21 01:36:21,021 - INFO - network - Starting solver.
2025-11-21 01:36:21,022 - PROGRESS - network -  iter  | residual   | progress   | massflow   | pressure   | enthalpy   | fluid      | component  
2025-11-21 01:36:21,022 - PROGRESS - network - -------+------------+------------+------------+------------+------------+------------+------------
2025-11-21 01:36:21,040 - DEBUG - network - the fluid calculation done in 3th iteration
2025-11-21 01:36:21,049 - PROGRESS - network -  1     | 1.24e+02   | 43 %       | 0.00e+00   | 0.00e+00   | 1.46e+00   | 1.55e-01   | 0.00e+00   
2025-11-21 01:36:21,051 - DEBUG - network - the fluid calculation done in 0th iteration
2025-11-21 01:36:21,060 - PROGRESS - network -  2     | 3.19e-03   | 94 %       | 0.00e+00   | 0.00e+00   | 4.50e-03   | 1.55e-01   | 0.00e+00   
2025-11-21 01:36:21,062 - DEBUG - network - the fluid calculation done in 0th iteration
2025-11-21 01:36:21,071 - PROGRESS - network -  3     | 3.02e-13   | 100 %      | 0.00e+00   | 0.00e+00   | 3.82e-15   | 1.55e-01   | 0.00e+00   
2025-11-21 01:36:21,071 - DEBUG - network - has found the solution in 0th iteration
2025-11-21 01:36:21,071 - PROGRESS - network - -------+------------+------------+------------+------------+------------+------------+------------
2025-11-21 01:36:21,071 - DEBUG - network - Total iterations: 3, Calculation time: 0.05 s, Iterations per second: 61.10
2025-11-21 01:36:21,104 - INFO - network - Postprocessing complete.
2025-11-21 01:36:21,104 - INFO - network - Calculation complete.
2025-11-21 01:36:21,111 - RESULT - network - 
##### RESULTS (Compressor) #####
+-----------------+----------+----------+-----------+----------+--------+
|                 |        P |       pr |        dp |    eta_s |   igva |
|-----------------+----------+----------+-----------+----------+--------|
| air_compressor  | 3.21e+07 | 1.53e+01 | -1.40e+01 | 8.50e-01 |    nan |
| fuel_compressor | 4.02e+05 | 3.33e+00 | -1.05e+01 | 8.50e-01 |    nan |
+-----------------+----------+----------+-----------+----------+--------+
##### RESULTS (Valve) #####
+----------------+----------+----------+----------+
|                |       pr |       dp |     zeta |
|----------------+----------+----------+----------|
| fuel_add_valve | 8.89e-01 | 5.00e-01 | 1.44e+07 |
+----------------+----------+----------+----------+
##### RESULTS (DiabaticCombustionChamber) #####
+-------------------+----------+----------+----------+----------+----------+-----------+
|                   |     lamb |       ti |       pr |       dp |      eta |    Q_loss |
|-------------------+----------+----------+----------+----------+----------+-----------|
| fuel_combustion   | 3.38e+00 | 6.95e+07 | 1.00e+00 | 0.00e+00 | [94m9.90e-01[0m | -6.95e+05 |
| gas_re_combustion | 3.26e+01 | 5.06e+06 | 1.00e+00 | 0.00e+00 | [94m9.90e-01[0m | -5.06e+04 |
+-------------------+----------+----------+----------+----------+----------+-----------+
##### RESULTS (Turbine) #####
+-------------+-----------+----------+----------+----------+
|             |         P |       pr |       dp |    eta_s |
|-------------+-----------+----------+----------+----------|
| gas_turbine | -5.56e+07 | 7.33e-02 | 1.39e+01 | [94m8.80e-01[0m |
+-------------+-----------+----------+----------+----------+
##### RESULTS (Connection) #####
+---------------------------------+-----------+-----------+-----------+-----------+-----------+---------+
|                                 |         m |         p |         h |         T |         x |   phase |
|---------------------------------+-----------+-----------+-----------+-----------+-----------+---------|
| fuel1_air_compressor_combustion | 7.986e+01 | [94m1.500e+01[0m | [94m6.901e+02[0m | 4.046e+02 | 0.000e+00 |     nan |
| fuel1_air_source_compressor     | [94m7.986e+01[0m | [94m9.780e-01[0m | [94m2.885e+02[0m | 1.500e+01 | 0.000e+00 |     nan |
| fuel1_compressor_combustion     | [94m1.401e+00[0m | [94m1.500e+01[0m | [94m1.240e+03[0m | 1.247e+02 | 0.000e+00 |     nan |
| fuel1_splitter_compressor       | 1.401e+00 | 4.500e+00 | 9.529e+02 | 1.500e+01 | 0.000e+00 |     nan |
| fuel2_splitter_valve            | 1.020e-01 | 4.500e+00 | 9.529e+02 | 1.500e+01 | 0.000e+00 |     nan |
| fuel2_valve_combustion          | [94m1.020e-01[0m | [94m4.000e+00[0m | 9.529e+02 | 1.485e+01 | 0.000e+00 |     nan |
| fuel_source_splitter            | [94m1.503e+00[0m | [94m4.500e+00[0m | [94m9.529e+02[0m | 1.500e+01 | 0.000e+00 |     nan |
| gas_out                         | [94m8.136e+01[0m | [94m1.100e+00[0m | 1.020e+03 | 5.843e+02 | 0.000e+00 |     nan |
| gas_turbine_in                  | [94m8.126e+01[0m | [94m1.500e+01[0m | 1.636e+03 | 1.098e+03 | 0.000e+00 |     nan |
| gas_turbine_out                 | 8.126e+01 | [94m1.100e+00[0m | 9.522e+02 | 5.331e+02 | 0.000e+00 |     nan |
+---------------------------------+-----------+-----------+-----------+-----------+-----------+---------+
