2025-11-13 06:57:29,148 - INFO - logger - Path for logging: gas_part_loggings/Aurora.log
2025-11-13 06:57:29,164 - INFO - logger - Used TESPy version: 0.1.1 - GCC's Nature
2025-11-13 06:57:29,168 - DEBUG - network - Default unit specifications:
mass flow: kg / s
volumetric flow: m3 / s
pressure: Pa
enthalpy: J / kg
temperature: K
temperature difference to boiling point: K
specific volume: m3 / kg
vapor mass fraction: -
entropy: J / kgK
2025-11-13 06:57:29,169 - DEBUG - network - Default mass flow limits
min: 0.001 kg / s
max: 1000000000000.0 kg / s
2025-11-13 06:57:29,169 - DEBUG - network - Default pressure limits
min: 200000.0 Pa
max: 30000000.0 Pa
2025-11-13 06:57:29,171 - DEBUG - network - Default enthalpy limits
min: 1000.0 J / kg
max: 7000000.0 J / kg
2025-11-13 06:57:29,171 - DEBUG - network - Setting mass flow unit: kg / s.
2025-11-13 06:57:29,171 - DEBUG - network - Setting pressure unit: bar.
2025-11-13 06:57:29,171 - DEBUG - network - Setting enthalpy unit: kJ / kg.
2025-11-13 06:57:29,172 - DEBUG - network - Setting temperature unit: C.
2025-11-13 06:57:29,172 - DEBUG - characteristics - Created characteristic line function.
2025-11-13 06:57:29,173 - DEBUG - bus - Created bus power.
2025-11-13 06:57:29,174 - DEBUG - characteristics - Created characteristic line function.
2025-11-13 06:57:29,174 - DEBUG - bus - Created bus heat.
2025-11-13 06:57:29,175 - DEBUG - characteristics - Created characteristic line function.
2025-11-13 06:57:29,176 - DEBUG - bus - Created bus gas power.
2025-11-13 06:57:29,177 - DEBUG - characteristics - Created characteristic line function.
2025-11-13 06:57:29,178 - DEBUG - bus - Created bus gas heat.
2025-11-13 06:57:29,179 - DEBUG - characteristics - Created characteristic line function.
2025-11-13 06:57:29,180 - DEBUG - bus - Created bus steam power.
2025-11-13 06:57:29,181 - DEBUG - characteristics - Created characteristic line function.
2025-11-13 06:57:29,182 - DEBUG - bus - Created bus steam heat.
2025-11-13 06:57:29,182 - DEBUG - network - Added bus power to network.
2025-11-13 06:57:29,183 - DEBUG - network - Added bus heat to network.
2025-11-13 06:57:29,184 - DEBUG - network - Added bus gas power to network.
2025-11-13 06:57:29,185 - DEBUG - network - Added bus gas heat to network.
2025-11-13 06:57:29,186 - DEBUG - network - Added bus steam power to network.
2025-11-13 06:57:29,187 - DEBUG - network - Added bus steam heat to network.
2025-11-13 06:57:29,188 - DEBUG - connection - Created connection from fuel_source (out1) to fuel_splitter (in1).
2025-11-13 06:57:29,189 - DEBUG - connection - Created connection from fuel_splitter (out1) to fuel_compressor (in1).
2025-11-13 06:57:29,190 - DEBUG - connection - Created connection from fuel_compressor (out1) to fuel_combustion (in2).
2025-11-13 06:57:29,190 - DEBUG - connection - Created connection from air_source (out1) to air_compressor (in1).
2025-11-13 06:57:29,191 - DEBUG - connection - Created connection from air_compressor (out1) to fuel_combustion (in1).
2025-11-13 06:57:29,192 - DEBUG - connection - Created connection from fuel_combustion (out1) to gas_turbine (in1).
2025-11-13 06:57:29,193 - DEBUG - connection - Created connection from gas_turbine (out1) to gas_re_combustion (in1).
2025-11-13 06:57:29,193 - DEBUG - connection - Created connection from fuel_splitter (out2) to fuel_add_valve (in1).
2025-11-13 06:57:29,194 - DEBUG - connection - Created connection from fuel_add_valve (out1) to gas_re_combustion (in2).
2025-11-13 06:57:29,195 - DEBUG - connection - Created connection from gas_re_combustion (out1) to gas_sink (in1).
2025-11-13 06:57:29,196 - DEBUG - network - Added connection fuel_source_splitter to network.
2025-11-13 06:57:29,198 - DEBUG - network - Added connection fuel1_splitter_compressor to network.
2025-11-13 06:57:29,199 - DEBUG - network - Added connection fuel1_compressor_combustion to network.
2025-11-13 06:57:29,200 - DEBUG - network - Added connection fuel1_air_source_compressor to network.
2025-11-13 06:57:29,201 - DEBUG - network - Added connection fuel1_air_compressor_combustion to network.
2025-11-13 06:57:29,202 - DEBUG - network - Added connection gas_turbine_in to network.
2025-11-13 06:57:29,203 - DEBUG - network - Added connection gas_turbine_out to network.
2025-11-13 06:57:29,204 - DEBUG - network - Added connection fuel2_splitter_valve to network.
2025-11-13 06:57:29,205 - DEBUG - network - Added connection fuel2_valve_combustion to network.
2025-11-13 06:57:29,206 - DEBUG - network - Added connection gas_out to network.
2025-11-13 06:57:29,231 - INFO - logger - Path for logging: gas_part_plant1_loggings/Aurora.log
2025-11-13 06:57:29,257 - INFO - logger - Used TESPy version: 0.1.1 - GCC's Nature
2025-11-13 06:57:29,263 - DEBUG - network - Default unit specifications:
mass flow: kg / s
volumetric flow: m3 / s
pressure: Pa
enthalpy: J / kg
temperature: K
temperature difference to boiling point: K
specific volume: m3 / kg
vapor mass fraction: -
entropy: J / kgK
2025-11-13 06:57:29,265 - DEBUG - network - Default mass flow limits
min: 0.001 kg / s
max: 1000000000000.0 kg / s
2025-11-13 06:57:29,267 - DEBUG - network - Default pressure limits
min: 200000.0 Pa
max: 30000000.0 Pa
2025-11-13 06:57:29,270 - DEBUG - network - Default enthalpy limits
min: 1000.0 J / kg
max: 7000000.0 J / kg
2025-11-13 06:57:29,271 - DEBUG - network - Setting mass flow unit: kg / s.
2025-11-13 06:57:29,272 - DEBUG - network - Setting pressure unit: bar.
2025-11-13 06:57:29,273 - DEBUG - network - Setting enthalpy unit: kJ / kg.
2025-11-13 06:57:29,274 - DEBUG - network - Setting temperature unit: C.
2025-11-13 06:57:29,277 - DEBUG - connection - Created connection from fuel_source (out1) to fuel_splitter (in1).
2025-11-13 06:57:29,278 - DEBUG - connection - Created connection from fuel_splitter (out1) to fuel_compressor (in1).
2025-11-13 06:57:29,279 - DEBUG - connection - Created connection from fuel_compressor (out1) to fuel_combustion (in2).
2025-11-13 06:57:29,280 - DEBUG - connection - Created connection from air_source (out1) to air_compressor (in1).
2025-11-13 06:57:29,281 - DEBUG - connection - Created connection from air_compressor (out1) to fuel_combustion (in1).
2025-11-13 06:57:29,282 - DEBUG - connection - Created connection from fuel_combustion (out1) to gas_turbine (in1).
2025-11-13 06:57:29,283 - DEBUG - connection - Created connection from gas_turbine (out1) to gas_re_combustion (in1).
2025-11-13 06:57:29,284 - DEBUG - connection - Created connection from fuel_splitter (out2) to fuel_add_valve (in1).
2025-11-13 06:57:29,285 - DEBUG - connection - Created connection from fuel_add_valve (out1) to gas_re_combustion (in2).
2025-11-13 06:57:29,286 - DEBUG - connection - Created connection from gas_re_combustion (out1) to gas_sink (in1).
2025-11-13 06:57:29,286 - DEBUG - network - Added connection fuel_source_splitter to network.
2025-11-13 06:57:29,288 - DEBUG - network - Added connection fuel1_splitter_compressor to network.
2025-11-13 06:57:29,289 - DEBUG - network - Added connection fuel1_compressor_combustion to network.
2025-11-13 06:57:29,289 - DEBUG - network - Added connection fuel1_air_source_compressor to network.
2025-11-13 06:57:29,290 - DEBUG - network - Added connection fuel1_air_compressor_combustion to network.
2025-11-13 06:57:29,291 - DEBUG - network - Added connection gas_turbine_in to network.
2025-11-13 06:57:29,292 - DEBUG - network - Added connection gas_turbine_out to network.
2025-11-13 06:57:29,293 - DEBUG - network - Added connection fuel2_splitter_valve to network.
2025-11-13 06:57:29,294 - DEBUG - network - Added connection fuel2_valve_combustion to network.
2025-11-13 06:57:29,295 - DEBUG - network - Added connection gas_out to network.
2025-11-13 06:57:29,313 - INFO - network - ########----Network check successful----########
2025-11-13 06:57:29,314 - DEBUG - network - Solver properties:
 - mode: design
 - init_path: None
 - design_path: None
 - min_iter: 4
 - max_iter: 50
2025-11-13 06:57:29,314 - DEBUG - network - Network information:
 - Number of components: 10
 - Number of connections: 10
 - Number of busses: 0
2025-11-13 06:57:29,326 - DEBUG - network - Removing 1 mass flow variables from ['fuel1_air_source_compressor', 'fuel1_air_compressor_combustion'] from system variables.
2025-11-13 06:57:29,326 - DEBUG - network - Removing 1 mass flow variables from ['fuel1_splitter_compressor', 'fuel1_compressor_combustion'] from system variables.
2025-11-13 06:57:29,327 - DEBUG - network - Removing 1 mass flow variables from ['fuel2_splitter_valve', 'fuel2_valve_combustion'] from system variables.
2025-11-13 06:57:29,329 - DEBUG - network - Updated fluid property SI values and fluid mass fraction for user specified connection parameters.
2025-11-13 06:57:29,331 - DEBUG - network - Generic fluid property specification complete in the final of initialization.
2025-11-13 06:57:29,333 - DEBUG - base - The fuels for component fuel_combustion of type diabatic combustion chamber are: CH4, H2.
2025-11-13 06:57:29,335 - DEBUG - base - The fuels for component gas_re_combustion of type diabatic combustion chamber are: CH4, H2.
2025-11-13 06:57:29,336 - DEBUG - connection - The connection: fuel1_air_compressor_combustion has 0 equations.
2025-11-13 06:57:29,337 - DEBUG - connection - The connection: fuel1_air_source_compressor has 0 equations.
2025-11-13 06:57:29,338 - DEBUG - connection - The connection: fuel1_compressor_combustion has 0 equations.
2025-11-13 06:57:29,338 - DEBUG - connection - The connection: fuel1_splitter_compressor has 0 equations.
2025-11-13 06:57:29,339 - DEBUG - connection - The connection: fuel2_splitter_valve has 0 equations.
2025-11-13 06:57:29,339 - DEBUG - connection - The connection: fuel2_valve_combustion has 0 equations.
2025-11-13 06:57:29,340 - DEBUG - connection - The connection: fuel_source_splitter has 0 equations.
2025-11-13 06:57:29,340 - DEBUG - connection - The connection: gas_out has 0 equations.
2025-11-13 06:57:29,341 - DEBUG - connection - The connection: gas_turbine_in has 0 equations.
2025-11-13 06:57:29,342 - DEBUG - connection - The connection: gas_turbine_out has 0 equations.
2025-11-13 06:57:29,354 - DEBUG - characteristics - Created characteristic line function.
2025-11-13 06:57:29,363 - DEBUG - characteristics - Created characteristic map function.
2025-11-13 06:57:29,371 - DEBUG - characteristics - Created characteristic map function.
2025-11-13 06:57:29,371 - DEBUG - component - The component: air_compressor of type Compressor has 1 equations.
2025-11-13 06:57:29,371 - DEBUG - component - The component: air_source of type Source has 0 equations.
2025-11-13 06:57:29,375 - DEBUG - characteristics - Created characteristic line function.
2025-11-13 06:57:29,375 - DEBUG - component - The component: fuel_add_valve of type Valve has 0 equations.
2025-11-13 06:57:29,375 - DEBUG - component - The component: fuel_combustion of type DiabaticCombustionChamber has 2 equations.
2025-11-13 06:57:29,378 - DEBUG - characteristics - Created characteristic line function.
2025-11-13 06:57:29,381 - DEBUG - characteristics - Created characteristic map function.
2025-11-13 06:57:29,383 - DEBUG - characteristics - Created characteristic map function.
2025-11-13 06:57:29,384 - DEBUG - component - The component: fuel_compressor of type Compressor has 1 equations.
2025-11-13 06:57:29,384 - DEBUG - component - The component: fuel_source of type Source has 0 equations.
2025-11-13 06:57:29,384 - DEBUG - component - The component: fuel_splitter of type Splitter has 1 equations.
2025-11-13 06:57:29,384 - DEBUG - component - The component: gas_re_combustion of type DiabaticCombustionChamber has 2 equations.
2025-11-13 06:57:29,385 - DEBUG - component - The component: gas_sink of type Sink has 0 equations.
2025-11-13 06:57:29,387 - DEBUG - characteristics - Created characteristic line function.
2025-11-13 06:57:29,388 - DEBUG - component - The component: gas_turbine of type Turbine has 1 equations.
2025-11-13 06:57:29,388 - DEBUG - network - ------presolve_batch: 1------
2025-11-13 06:57:29,391 - DEBUG - network - Has pre_solved equation: <component parameter>: eta_s of Compressor: air_compressor
2025-11-13 06:57:29,393 - DEBUG - network - Has pre_solved equation: <component parameter>: eta_s of Compressor: fuel_compressor
2025-11-13 06:57:29,393 - DEBUG - network - ------presolve_batch: 2------
2025-11-13 06:57:29,394 - DEBUG - network - Has pre_solved equation: <component constraint>: mass_flow_constraints of DiabaticCombustionChamber: fuel_combustion
2025-11-13 06:57:29,394 - DEBUG - network - Has pre_solved equation: <component constraint>: mass_flow_constraints of Splitter: fuel_splitter
2025-11-13 06:57:29,395 - DEBUG - network - ------presolve_batch: 3------
2025-11-13 06:57:29,395 - DEBUG - network - Has pre_solved equation: <component constraint>: mass_flow_constraints of DiabaticCombustionChamber: gas_re_combustion
2025-11-13 06:57:29,395 - DEBUG - network - ------presolve_batch: 4------
2025-11-13 06:57:29,396 - DEBUG - network - Has removed 5 presolved equations totally.
2025-11-13 06:57:29,396 - DEBUG - component - The component: air_compressor of type Compressor has 0 variables.
2025-11-13 06:57:29,396 - DEBUG - component - The component: air_source of type Source has 0 variables.
2025-11-13 06:57:29,397 - DEBUG - component - The component: fuel_add_valve of type Valve has 0 variables.
2025-11-13 06:57:29,397 - DEBUG - component - The component: fuel_combustion of type DiabaticCombustionChamber has 0 variables.
2025-11-13 06:57:29,397 - DEBUG - component - The component: fuel_compressor of type Compressor has 0 variables.
2025-11-13 06:57:29,398 - DEBUG - component - The component: fuel_source of type Source has 0 variables.
2025-11-13 06:57:29,398 - DEBUG - component - The component: fuel_splitter of type Splitter has 0 variables.
2025-11-13 06:57:29,398 - DEBUG - component - The component: gas_re_combustion of type DiabaticCombustionChamber has 0 variables.
2025-11-13 06:57:29,399 - DEBUG - component - The component: gas_sink of type Sink has 0 variables.
2025-11-13 06:57:29,399 - DEBUG - component - The component: gas_turbine of type Turbine has 0 variables.
2025-11-13 06:57:29,413 - INFO - network - ########----Network initialised----########
2025-11-13 06:57:29,414 - DEBUG - network - ------Equation Summarization------
2025-11-13 06:57:29,414 - DEBUG - network - Total number of equations: 3
2025-11-13 06:57:29,414 - DEBUG - network - Number of connection equations: 0.
2025-11-13 06:57:29,415 - DEBUG - network - Number of component equations: 8.
2025-11-13 06:57:29,415 - DEBUG - network - Number of bus equations: 0.
2025-11-13 06:57:29,415 - DEBUG - network - Number of user defined equations: 0.
2025-11-13 06:57:29,416 - DEBUG - network - Number of presolved equations: 5.
2025-11-13 06:57:29,416 - DEBUG - network - ------Variable Summarization------
2025-11-13 06:57:29,416 - DEBUG - network - Total number of variables: 3.
2025-11-13 06:57:29,416 - DEBUG - network - Number of component variables: 0.
2025-11-13 06:57:29,417 - DEBUG - network - Number of connection variables: 3.
2025-11-13 06:57:29,417 - DEBUG - network - Number of mass flow variables: 0.
2025-11-13 06:57:29,417 - DEBUG - network - Number of pressure variables: 0.
2025-11-13 06:57:29,417 - DEBUG - network - Number of enthalpy variables: 3.
2025-11-13 06:57:29,418 - DEBUG - network - ------Fluid Module Summarization------
2025-11-13 06:57:29,418 - DEBUG - network - Number of fluid composition equations: 14.
2025-11-13 06:57:29,418 - DEBUG - network - Number of fluid variables: 14.
2025-11-13 06:57:29,419 - DEBUG - network - the variables list is:
 [
  0: <enthalpy objective> in connection: gas_out,
  1: <enthalpy objective> in connection: gas_turbine_in,
  2: <enthalpy objective> in connection: gas_turbine_out
]
the variables scale is:
 [1000000. 1000000. 1000000.]
the equations list is:
 [
  0: <component parameter>: eta of DiabaticCombustionChamber: fuel_combustion
  1: <component parameter>: eta of DiabaticCombustionChamber: gas_re_combustion
  2: <component parameter>: eta_s of Turbine: gas_turbine
]
the residual scale:
 [10000000. 10000000.  1000000.]
the fluid variables list is:
 [
  0: <fluid objective> in connection: gas_out:O2 fraction
  1: <fluid objective> in connection: gas_out:CH4 fraction
  2: <fluid objective> in connection: gas_out:CO2 fraction
  3: <fluid objective> in connection: gas_out:Ar fraction
  4: <fluid objective> in connection: gas_out:N2 fraction
  5: <fluid objective> in connection: gas_out:H2O fraction
  6: <fluid objective> in connection: gas_out:H2 fraction
  7: <fluid objective> in connection: gas_turbine_in:O2 fraction
  8: <fluid objective> in connection: gas_turbine_in:CH4 fraction
  9: <fluid objective> in connection: gas_turbine_in:CO2 fraction
  10: <fluid objective> in connection: gas_turbine_in:Ar fraction
  11: <fluid objective> in connection: gas_turbine_in:N2 fraction
  12: <fluid objective> in connection: gas_turbine_in:H2O fraction
  13: <fluid objective> in connection: gas_turbine_in:H2 fraction
]
the fluid equations list is:
 [
  0: fluid composition equation: stoichiometry_constraints of DiabaticCombustionChamber: fuel_combustion----O2
  1: fluid composition equation: stoichiometry_constraints of DiabaticCombustionChamber: fuel_combustion----CH4
  2: fluid composition equation: stoichiometry_constraints of DiabaticCombustionChamber: fuel_combustion----CO2
  3: fluid composition equation: stoichiometry_constraints of DiabaticCombustionChamber: fuel_combustion----Ar
  4: fluid composition equation: stoichiometry_constraints of DiabaticCombustionChamber: fuel_combustion----N2
  5: fluid composition equation: stoichiometry_constraints of DiabaticCombustionChamber: fuel_combustion----H2O
  6: fluid composition equation: stoichiometry_constraints of DiabaticCombustionChamber: fuel_combustion----H2
  7: fluid composition equation: stoichiometry_constraints of DiabaticCombustionChamber: gas_re_combustion----O2
  8: fluid composition equation: stoichiometry_constraints of DiabaticCombustionChamber: gas_re_combustion----CH4
  9: fluid composition equation: stoichiometry_constraints of DiabaticCombustionChamber: gas_re_combustion----CO2
  10: fluid composition equation: stoichiometry_constraints of DiabaticCombustionChamber: gas_re_combustion----Ar
  11: fluid composition equation: stoichiometry_constraints of DiabaticCombustionChamber: gas_re_combustion----N2
  12: fluid composition equation: stoichiometry_constraints of DiabaticCombustionChamber: gas_re_combustion----H2O
  13: fluid composition equation: stoichiometry_constraints of DiabaticCombustionChamber: gas_re_combustion----H2
]
2025-11-13 06:57:29,419 - DEBUG - network - has no linear dependence in network topology
2025-11-13 06:57:29,420 - DEBUG - network - the range of variables are: [
  0: <enthalpy objective> in connection: gas_out------[0.001, 7.0],
  1: <enthalpy objective> in connection: gas_turbine_in------[0.001, 7.0],
  2: <enthalpy objective> in connection: gas_turbine_out------[0.001, 7.0]
]
2025-11-13 06:57:29,420 - INFO - network - Starting solver.
2025-11-13 06:57:29,420 - PROGRESS - network -  iter  | residual   | progress   | massflow   | pressure   | enthalpy   | fluid      | component  
2025-11-13 06:57:29,421 - PROGRESS - network - -------+------------+------------+------------+------------+------------+------------+------------
2025-11-13 06:57:29,429 - DEBUG - network - the fluid calculation done in 3th iteration
2025-11-13 06:57:29,438 - PROGRESS - network -  1     | 1.43e+00   | 64 %       | 0.00e+00   | 0.00e+00   | 1.68e-01   | 1.53e-01   | 0.00e+00   
2025-11-13 06:57:29,440 - DEBUG - network - the fluid calculation done in 0th iteration
2025-11-13 06:57:29,449 - PROGRESS - network -  2     | 4.41e-04   | 100 %      | 0.00e+00   | 0.00e+00   | 6.24e-04   | 1.53e-01   | 0.00e+00   
2025-11-13 06:57:29,449 - DEBUG - network - has found the solution in 0th iteration
2025-11-13 06:57:29,450 - PROGRESS - network - -------+------------+------------+------------+------------+------------+------------+------------
2025-11-13 06:57:29,450 - DEBUG - network - Total iterations: 2, Calculation time: 0.03 s, Iterations per second: 67.94
2025-11-13 06:57:29,487 - INFO - network - Postprocessing complete.
2025-11-13 06:57:29,488 - INFO - network - Calculation complete.
2025-11-13 06:57:29,496 - RESULT - network - 
##### RESULTS (Compressor) #####
+-----------------+----------+----------+-----------+----------+--------+
|                 |        P |       pr |        dp |    eta_s |   igva |
|-----------------+----------+----------+-----------+----------+--------|
| air_compressor  | 3.21e+07 | 1.53e+01 | -1.40e+01 | 8.50e-01 |    nan |
| fuel_compressor | 4.29e+05 | 3.33e+00 | -1.05e+01 | 8.50e-01 |    nan |
+-----------------+----------+----------+-----------+----------+--------+
##### RESULTS (Valve) #####
+----------------+----------+----------+----------+
|                |       pr |       dp |     zeta |
|----------------+----------+----------+----------|
| fuel_add_valve | 8.89e-01 | 5.00e-01 | 1.35e+07 |
+----------------+----------+----------+----------+
##### RESULTS (DiabaticCombustionChamber) #####
+-------------------+----------+----------+----------+----------+----------+-----------+
|                   |     lamb |       ti |       pr |       dp |      eta |    Q_loss |
|-------------------+----------+----------+----------+----------+----------+-----------|
| fuel_combustion   | 3.31e+00 | 7.12e+07 | 1.00e+00 | 0.00e+00 | [94m9.90e-01[0m | -7.12e+05 |
| gas_re_combustion | 3.17e+01 | 5.18e+06 | 1.00e+00 | 0.00e+00 | [94m9.90e-01[0m | -5.18e+04 |
+-------------------+----------+----------+----------+----------+----------+-----------+
##### RESULTS (Turbine) #####
+-------------+-----------+----------+----------+----------+
|             |         P |       pr |       dp |    eta_s |
|-------------+-----------+----------+----------+----------|
| gas_turbine | -5.63e+07 | 7.33e-02 | 1.39e+01 | [94m8.80e-01[0m |
+-------------+-----------+----------+----------+----------+
##### RESULTS (Connection) #####
+---------------------------------+-----------+-----------+-----------+-----------+-----------+---------+
|                                 |         m |         p |         h |         T |         x |   phase |
|---------------------------------+-----------+-----------+-----------+-----------+-----------+---------|
| fuel1_air_compressor_combustion | 7.986e+01 | [94m1.500e+01[0m | [94m6.901e+02[0m | 4.046e+02 | 0.000e+00 |     nan |
| fuel1_air_source_compressor     | [94m7.986e+01[0m | [94m9.780e-01[0m | [94m2.885e+02[0m | 1.500e+01 | 0.000e+00 |     nan |
| fuel1_compressor_combustion     | [94m1.401e+00[0m | [94m1.500e+01[0m | [94m1.292e+03[0m | 1.262e+02 | 0.000e+00 |     nan |
| fuel1_splitter_compressor       | 1.401e+00 | 4.500e+00 | 9.860e+02 | 1.500e+01 | 0.000e+00 |     nan |
| fuel2_splitter_valve            | 1.020e-01 | 4.500e+00 | 9.860e+02 | 1.500e+01 | 0.000e+00 |     nan |
| fuel2_valve_combustion          | [94m1.020e-01[0m | [94m4.000e+00[0m | 9.860e+02 | 1.487e+01 | 0.000e+00 |     nan |
| fuel_source_splitter            | [94m1.503e+00[0m | [94m4.500e+00[0m | [94m9.860e+02[0m | 1.500e+01 | 0.000e+00 |     nan |
| gas_out                         | [94m8.136e+01[0m | [94m1.100e+00[0m | 1.038e+03 | 5.951e+02 | 0.000e+00 |     nan |
| gas_turbine_in                  | [94m8.126e+01[0m | [94m1.500e+01[0m | 1.661e+03 | 1.113e+03 | 0.000e+00 |     nan |
| gas_turbine_out                 | 8.126e+01 | [94m1.100e+00[0m | 9.677e+02 | 5.429e+02 | 0.000e+00 |     nan |
+---------------------------------+-----------+-----------+-----------+-----------+-----------+---------+
